<?xml version="1.0" encoding="UTF-8"?>
<!-- Generated by org.testng.reporters.JUnitReportReporter -->
<testsuite hostname="DESKTOP-OQPHGP6" failures="0" tests="1" name="automationFrameworkG.XmlDemo" time="0.010" errors="0" timestamp="19 Sep 2018 22:03:56 GMT" skipped="0">
  <testcase classname="automationFrameworkG.XmlDemo" name="displayResult" time="0.010"/>
</testsuite> <!-- automationFrameworkG.XmlDemo -->
