<?xml version="1.0" encoding="UTF-8"?>
<!-- Generated by org.testng.reporters.JUnitReportReporter -->
<testsuite hostname="DESKTOP-OQPHGP6" failures="0" tests="1" name="com.wordpressLogin.VerifyWordpressLogin1" time="7.515" errors="0" timestamp="25 Sep 2018 00:36:18 GMT" skipped="0">
  <testcase classname="com.wordpressLogin.VerifyWordpressLogin1" name="verifyValidLogin" time="7.515"/>
</testsuite> <!-- com.wordpressLogin.VerifyWordpressLogin1 -->
