<?xml version="1.0" encoding="UTF-8"?>
<!-- Generated by org.testng.reporters.JUnitReportReporter -->
<testsuite hostname="DESKTOP-OQPHGP6" failures="0" tests="3" name="crossBrowsers.VerifyTitle" time="60.101" errors="0" timestamp="20 Sep 2018 00:29:53 GMT" skipped="0">
  <testcase classname="crossBrowsers.VerifyTitle" name="verifypageTitle" time="22.355"/>
  <testcase classname="crossBrowsers.VerifyTitle" name="verifypageTitle" time="19.063"/>
  <testcase classname="crossBrowsers.VerifyTitle" name="verifypageTitle" time="18.683"/>
</testsuite> <!-- crossBrowsers.VerifyTitle -->
