<?xml version="1.0" encoding="UTF-8"?>
<!-- Generated by org.testng.reporters.JUnitReportReporter -->
<testsuite hostname="DESKTOP-OQPHGP6" failures="0" tests="1" name="com.wordpress.Testcases.VerifyWordpressAddNewPostPage" time="11.064" errors="0" timestamp="27 Sep 2018 18:56:05 GMT" skipped="0">
  <testcase classname="com.wordpress.Testcases.VerifyWordpressAddNewPostPage" name="verifyWordpressAddNewPostPage" time="11.064"/>
</testsuite> <!-- com.wordpress.Testcases.VerifyWordpressAddNewPostPage -->
