<?xml version="1.0" encoding="UTF-8"?>
<!-- Generated by org.testng.reporters.JUnitReportReporter -->
<testsuite hostname="DESKTOP-OQPHGP6" failures="0" tests="1" name="crossBrowsers.XmlDemo" time="0.009" errors="0" timestamp="19 Sep 2018 22:54:38 GMT" skipped="0">
  <testcase classname="crossBrowsers.XmlDemo" name="displayResult" time="0.009"/>
</testsuite> <!-- crossBrowsers.XmlDemo -->
