<?xml version="1.0" encoding="UTF-8"?>
<!-- Generated by org.testng.reporters.JUnitReportReporter -->
<testsuite hostname="DESKTOP-OQPHGP6" failures="0" tests="1" name="com.wordpress.Testcases.VerifyWordpressHomePage" time="7.565" errors="0" timestamp="27 Sep 2018 15:34:41 GMT" skipped="0">
  <testcase classname="com.wordpress.Testcases.VerifyWordpressHomePage" name="verifyWordpressHomePage" time="7.565"/>
</testsuite> <!-- com.wordpress.Testcases.VerifyWordpressHomePage -->
