<?xml version="1.0" encoding="UTF-8"?>
<!-- Generated by org.testng.reporters.JUnitReportReporter -->
<testsuite hostname="DESKTOP-OQPHGP6" failures="0" tests="1" name="com.wordpressLogin.VerifyWordpressHomePage" time="6.531" errors="0" timestamp="26 Sep 2018 00:06:29 GMT" skipped="0">
  <testcase classname="com.wordpressLogin.VerifyWordpressHomePage" name="verifyWordpressHomePage" time="6.531"/>
</testsuite> <!-- com.wordpressLogin.VerifyWordpressHomePage -->
