<?xml version="1.0" encoding="UTF-8"?>
<!-- Generated by org.testng.reporters.JUnitReportReporter -->
<testsuite hostname="DESKTOP-OQPHGP6" failures="0" tests="3" name="TestNGDemo.TestCase1" time="0.021" errors="0" timestamp="05 Oct 2018 19:58:46 GMT" skipped="0">
  <testcase classname="TestNGDemo.TestCase1" name="TC001" time="0.017"/>
  <testcase classname="TestNGDemo.TestCase1" name="TC002" time="0.002"/>
  <testcase classname="TestNGDemo.TestCase1" name="TC003" time="0.002"/>
</testsuite> <!-- TestNGDemo.TestCase1 -->
