<?xml version="1.0" encoding="UTF-8"?>
<!-- Generated by org.testng.reporters.JUnitReportReporter -->
<testsuite hostname="DESKTOP-OQPHGP6" failures="0" tests="1" name="com.wordpress.Testcases.VerifyValidLogin" time="6.806" errors="0" timestamp="25 Sep 2018 23:05:53 GMT" skipped="0">
  <testcase classname="com.wordpress.Testcases.VerifyValidLogin" name="checkValidUser" time="6.806"/>
</testsuite> <!-- com.wordpress.Testcases.VerifyValidLogin -->
