<?xml version="1.0" encoding="UTF-8"?>
<!-- Generated by org.testng.reporters.JUnitReportReporter -->
<testsuite hostname="DESKTOP-OQPHGP6" failures="0" tests="1" name="automationFrameworkG.TestNG" time="21.721" errors="0" timestamp="19 Sep 2018 21:48:45 GMT" skipped="0">
  <testcase classname="automationFrameworkG.TestNG" name="main" time="21.721"/>
</testsuite> <!-- automationFrameworkG.TestNG -->
