<?xml version="1.0" encoding="UTF-8"?>
<!-- Generated by org.testng.reporters.JUnitReportReporter -->
<testsuite hostname="DESKTOP-OQPHGP6" failures="0" tests="1" name="TestNGDemo.TestGroupDemo" time="0.012" errors="0" timestamp="07 Oct 2018 01:22:32 GMT" skipped="0">
  <testcase classname="TestNGDemo.TestGroupDemo" name="login" time="0.012"/>
</testsuite> <!-- TestNGDemo.TestGroupDemo -->
