<?xml version="1.0" encoding="UTF-8"?>
<!-- Generated by org.testng.reporters.JUnitReportReporter -->
<testsuite hostname="DESKTOP-OQPHGP6" failures="0" tests="1" name="com.wordpressLogin.VerifyWordpressLogin" time="5.808" errors="0" timestamp="25 Sep 2018 21:16:31 GMT" skipped="0">
  <testcase classname="com.wordpressLogin.VerifyWordpressLogin" name="verifyValidLogin" time="5.808"/>
</testsuite> <!-- com.wordpressLogin.VerifyWordpressLogin -->
