<?xml version="1.0" encoding="UTF-8"?>
<!-- Generated by org.testng.reporters.JUnitReportReporter -->
<testsuite hostname="DESKTOP-OQPHGP6" failures="0" tests="1" name="ConfigurationDemo.TestSeleniumBlog" time="0.026" errors="0" timestamp="21 Sep 2018 23:41:14 GMT" skipped="0">
  <testcase classname="ConfigurationDemo.TestSeleniumBlog" name="testConfig" time="0.026"/>
</testsuite> <!-- ConfigurationDemo.TestSeleniumBlog -->
