<?xml version="1.0" encoding="UTF-8"?>
<!-- Generated by org.testng.reporters.JUnitReportReporter -->
<testsuite hostname="DESKTOP-OQPHGP6" failures="0" tests="1" name="TestNGClasses.TestCase1" time="0.013" errors="0" timestamp="06 Oct 2018 01:33:39 GMT" skipped="0">
  <testcase classname="TestNGClasses.TestCase1" name="testFB" time="0.013"/>
</testsuite> <!-- TestNGClasses.TestCase1 -->
