<?xml version="1.0" encoding="UTF-8"?>
<!-- Generated by org.testng.reporters.JUnitReportReporter -->
<testsuite hostname="DESKTOP-OQPHGP6" failures="0" tests="1" name="com.wordpress.Testcases.VerifyValidLogin" time="7.153" errors="0" timestamp="05 Oct 2018 18:59:45 GMT" skipped="0">
  <testcase classname="com.wordpress.Testcases.VerifyValidLogin" name="checkValidUser" time="7.153"/>
</testsuite> <!-- com.wordpress.Testcases.VerifyValidLogin -->
