<?xml version="1.0" encoding="UTF-8"?>
<!-- Generated by org.testng.reporters.JUnitReportReporter -->
<testsuite hostname="DESKTOP-OQPHGP6" failures="0" tests="1" name="ConfigurationDemo.TestSeleniuminChrome" time="11.903" errors="0" timestamp="22 Sep 2018 00:54:02 GMT" skipped="0">
  <testcase classname="ConfigurationDemo.TestSeleniuminChrome" name="testChrome" time="11.903"/>
</testsuite> <!-- ConfigurationDemo.TestSeleniuminChrome -->
