<?xml version="1.0" encoding="UTF-8"?>
<!-- Generated by org.testng.reporters.JUnitReportReporter -->
<testsuite hostname="DESKTOP-OQPHGP6" failures="0" tests="1" name="automationFrameworkG.XmlDemo2" time="0.002" errors="0" timestamp="19 Sep 2018 22:02:52 GMT" skipped="0">
  <testcase classname="automationFrameworkG.XmlDemo2" name="displayResult" time="0.002"/>
</testsuite> <!-- automationFrameworkG.XmlDemo2 -->
