<?xml version="1.0" encoding="UTF-8"?>
<!-- Generated by org.testng.reporters.JUnitReportReporter -->
<testsuite hostname="DESKTOP-OQPHGP6" failures="0" tests="3" name="testNGClasses.MultipleTestExecution" time="0.029" errors="0" timestamp="10 Oct 2018 20:52:48 GMT" skipped="0">
  <testcase classname="testNGClasses.MultipleTestExecution" name="setUp" time="0.002"/>
  <testcase classname="testNGClasses.MultipleTestExecution" name="logoutApplication" time="0.013"/>
  <testcase classname="testNGClasses.MultipleTestExecution" name="loginApplication" time="0.014"/>
</testsuite> <!-- testNGClasses.MultipleTestExecution -->
