<?xml version="1.0" encoding="UTF-8"?>
<!-- Generated by org.testng.reporters.JUnitReportReporter -->
<testsuite hostname="DESKTOP-OQPHGP6" failures="0" tests="1" name="automationFrameworkG.XmlDemo1" time="0.003" errors="0" timestamp="19 Sep 2018 22:03:56 GMT" skipped="0">
  <testcase classname="automationFrameworkG.XmlDemo1" name="displayResult" time="0.003"/>
</testsuite> <!-- automationFrameworkG.XmlDemo1 -->
