<?xml version="1.0" encoding="UTF-8"?>
<!-- Generated by org.testng.reporters.JUnitReportReporter -->
<testsuite hostname="DESKTOP-OQPHGP6" failures="0" tests="1" name="TestNGClasses.TestCase3" time="0.011" errors="0" timestamp="06 Oct 2018 19:10:38 GMT" skipped="0">
  <testcase classname="TestNGClasses.TestCase3" name="testWordpress" time="0.011"/>
</testsuite> <!-- TestNGClasses.TestCase3 -->
