<?xml version="1.0" encoding="UTF-8"?>
<!-- Generated by org.testng.reporters.JUnitReportReporter -->
<testsuite hostname="DESKTOP-OQPHGP6" failures="0" tests="1" name="com.wordpressLogin.VerifyWordpressLogin" time="7.333" errors="0" timestamp="25 Sep 2018 00:02:02 GMT" skipped="0">
  <testcase classname="com.wordpressLogin.VerifyWordpressLogin" name="verifyValidLogin" time="7.333"/>
</testsuite> <!-- com.wordpressLogin.VerifyWordpressLogin -->
