<?xml version="1.0" encoding="UTF-8"?>
<!-- Generated by org.testng.reporters.JUnitReportReporter -->
<testsuite hostname="DESKTOP-OQPHGP6" failures="0" tests="1" name="com.wordpress.Testcases.VerifyWordpressPostPage" time="9.483" errors="0" timestamp="27 Sep 2018 15:39:33 GMT" skipped="0">
  <testcase classname="com.wordpress.Testcases.VerifyWordpressPostPage" name="VerifyWordpressPostPage" time="9.483"/>
</testsuite> <!-- com.wordpress.Testcases.VerifyWordpressPostPage -->
