<?xml version="1.0" encoding="UTF-8"?>
<!-- Generated by org.testng.reporters.JUnitReportReporter -->
<testsuite hostname="DESKTOP-OQPHGP6" failures="0" tests="1" name="com.wordpress.Testcases.VerifyValidAddNewPostPage" time="12.065" errors="0" timestamp="05 Oct 2018 19:05:07 GMT" skipped="0">
  <testcase classname="com.wordpress.Testcases.VerifyValidAddNewPostPage" name="postNewPage" time="12.065"/>
</testsuite> <!-- com.wordpress.Testcases.VerifyValidAddNewPostPage -->
