<?xml version="1.0" encoding="UTF-8"?>
<!-- Generated by org.testng.reporters.JUnitReportReporter -->
<testsuite hostname="DESKTOP-OQPHGP6" failures="0" tests="1" name="com.wordpressLogin.VerifyWordpressLogin1" time="6.951" errors="0" timestamp="25 Sep 2018 01:53:36 GMT" skipped="0">
  <testcase classname="com.wordpressLogin.VerifyWordpressLogin1" name="verifyValidLogin" time="6.951"/>
</testsuite> <!-- com.wordpressLogin.VerifyWordpressLogin1 -->
